<?xml version="1.0" encoding="UTF-8"?>
<robot generator="Robot 7.0 (Python 3.12.2 on win32)" generated="2024-04-18T21:49:55.280770" rpa="false" schemaversion="5">
<suite id="s1" name="Testes Academy" source="c:\Users\renil\OneDrive\Área de Trabalho\TesteDeFrontEndComRobot\tests\testes_academy.robot">
<test id="s1-t1" name="Cenário de teste: Cadastro de usuário administrador" line="8">
<kw name="Abrir o navegador" owner="testes_recursos_academy" type="SETUP">
<kw name="Open Browser" owner="SeleniumLibrary">
<msg time="2024-04-18T21:49:55.906784" level="INFO">Opening browser 'chrome' to base url 'None'.</msg>
<arg>browser=chrome</arg>
<doc>Opens a new browser instance to the optional ``url``.</doc>
<status status="PASS" start="2024-04-18T21:49:55.906784" elapsed="9.657747"/>
</kw>
<kw name="Maximize Browser Window" owner="SeleniumLibrary">
<doc>Maximizes current browser window.</doc>
<status status="PASS" start="2024-04-18T21:50:05.668394" elapsed="0.178071"/>
</kw>
<status status="PASS" start="2024-04-18T21:49:55.891162" elapsed="9.959199"/>
</kw>
<kw name="Passo 1 - Acessar a página de login Academy" owner="testes_recursos_academy">
<kw name="Go To" owner="SeleniumLibrary">
<msg time="2024-04-18T21:50:05.869567" level="INFO">Opening url 'https://automacao.qacoders-academy.com.br'</msg>
<arg>url=${URL}</arg>
<doc>Navigates the current browser window to the provided ``url``.</doc>
<status status="PASS" start="2024-04-18T21:50:05.864408" elapsed="1.398653"/>
</kw>
<status status="PASS" start="2024-04-18T21:50:05.860473" elapsed="1.402588"/>
</kw>
<kw name="Passo 2- Digitar Email" owner="testes_recursos_academy">
<kw name="Wait Until Element Is Visible" owner="SeleniumLibrary">
<arg>locator=${emailInput}</arg>
<doc>Waits until the element ``locator`` is visible.</doc>
<status status="PASS" start="2024-04-18T21:50:07.277798" elapsed="0.376559"/>
</kw>
<kw name="Input Text" owner="SeleniumLibrary">
<msg time="2024-04-18T21:50:07.657182" level="INFO">Typing text 'sysadmin@qacoders.com' into text field '//input[contains(@type,'text')]'.</msg>
<arg>locator=${emailInput}</arg>
<arg>text=sysadmin@qacoders.com</arg>
<doc>Types the given ``text`` into the text field identified by ``locator``.</doc>
<status status="PASS" start="2024-04-18T21:50:07.655595" elapsed="0.432879"/>
</kw>
<kw name="Sleep" owner="BuiltIn">
<msg time="2024-04-18T21:50:09.113358" level="INFO">Slept 1 second.</msg>
<arg>1s</arg>
<doc>Pauses the test executed for the given time.</doc>
<status status="PASS" start="2024-04-18T21:50:08.097444" elapsed="1.020475"/>
</kw>
<status status="PASS" start="2024-04-18T21:50:07.274845" elapsed="1.843074"/>
</kw>
<kw name="Passo 3 - Digite Senha" owner="testes_recursos_academy">
<kw name="Wait Until Element Is Visible" owner="SeleniumLibrary">
<arg>locator=${passworInput}</arg>
<doc>Waits until the element ``locator`` is visible.</doc>
<status status="PASS" start="2024-04-18T21:50:09.125390" elapsed="0.037239"/>
</kw>
<kw name="Input Text" owner="SeleniumLibrary">
<msg time="2024-04-18T21:50:09.163628" level="INFO">Typing text '1234@Test' into text field '//input[contains(@type,'password')]'.</msg>
<arg>locator=${passworInput}</arg>
<arg>text=1234@Test</arg>
<doc>Types the given ``text`` into the text field identified by ``locator``.</doc>
<status status="PASS" start="2024-04-18T21:50:09.162629" elapsed="0.134656"/>
</kw>
<kw name="Sleep" owner="BuiltIn">
<msg time="2024-04-18T21:50:10.299152" level="INFO">Slept 1 second.</msg>
<arg>1s</arg>
<doc>Pauses the test executed for the given time.</doc>
<status status="PASS" start="2024-04-18T21:50:09.297285" elapsed="1.004438"/>
</kw>
<status status="PASS" start="2024-04-18T21:50:09.123422" elapsed="1.178301"/>
</kw>
<kw name=" Passo 4 - Clicar no botão Entrar" owner="testes_recursos_academy">
<kw name="Wait Until Element Is Visible" owner="SeleniumLibrary">
<arg>locator=${buttonEntra}</arg>
<doc>Waits until the element ``locator`` is visible.</doc>
<status status="PASS" start="2024-04-18T21:50:10.307966" elapsed="0.045575"/>
</kw>
<kw name="Click Button" owner="SeleniumLibrary">
<msg time="2024-04-18T21:50:10.358429" level="INFO">Clicking button '//button[@class='MuiButtonBase-root MuiButton-root MuiButton-contained MuiButton-containedOrange MuiButton-sizeMedium MuiButton-containedSizeMedium MuiButton-root MuiButton-contained MuiButton-containedOrange MuiButton-sizeMedium MuiButton-containedSizeMedium css-ojf4v2'][contains(.,'Entrar')]'.</msg>
<arg>locator=${buttonEntra}</arg>
<doc>Clicks the button identified by ``locator``.</doc>
<status status="PASS" start="2024-04-18T21:50:10.353541" elapsed="0.114219"/>
</kw>
<kw name="Sleep" owner="BuiltIn">
<msg time="2024-04-18T21:50:11.469711" level="INFO">Slept 1 second.</msg>
<arg>1s</arg>
<doc>Pauses the test executed for the given time.</doc>
<status status="PASS" start="2024-04-18T21:50:10.468857" elapsed="1.000854"/>
</kw>
<status status="PASS" start="2024-04-18T21:50:10.306596" elapsed="1.163115"/>
</kw>
<kw name=" Passo 1- Clicar o botão cadastrar" owner="testes_recursos_academy">
<kw name="Wait Until Element Is Visible" owner="SeleniumLibrary">
<arg>locator=${spanCadastros}</arg>
<doc>Waits until the element ``locator`` is visible.</doc>
<status status="PASS" start="2024-04-18T21:50:11.469711" elapsed="0.026316"/>
</kw>
<kw name="Click Element" owner="SeleniumLibrary">
<msg time="2024-04-18T21:50:11.497670" level="INFO">Clicking element '//span[contains(.,'Cadastros')]'.</msg>
<arg>locator=${spanCadastros}</arg>
<doc>Click the element identified by ``locator``.</doc>
<status status="PASS" start="2024-04-18T21:50:11.497034" elapsed="0.076864"/>
</kw>
<kw name="Sleep" owner="BuiltIn">
<msg time="2024-04-18T21:50:13.576932" level="INFO">Slept 2 seconds.</msg>
<arg>2s</arg>
<doc>Pauses the test executed for the given time.</doc>
<status status="PASS" start="2024-04-18T21:50:11.573898" elapsed="2.003034"/>
</kw>
<status status="PASS" start="2024-04-18T21:50:11.469711" elapsed="2.107221"/>
</kw>
<kw name="Passo 2 - Clicar no botão Diretorias aparece a lista" owner="testes_recursos_academy">
<kw name="Wait Until Element Is Visible" owner="SeleniumLibrary">
<arg>locator=${DiretoriaButton}</arg>
<doc>Waits until the element ``locator`` is visible.</doc>
<status status="PASS" start="2024-04-18T21:50:13.576932" elapsed="0.033325"/>
</kw>
<kw name="Click Element" owner="SeleniumLibrary">
<msg time="2024-04-18T21:50:13.617802" level="INFO">Clicking element '//span[contains(.,'Diretorias')]'.</msg>
<arg>locator=${DiretoriaButton}</arg>
<doc>Click the element identified by ``locator``.</doc>
<status status="PASS" start="2024-04-18T21:50:13.614996" elapsed="0.160812"/>
</kw>
<kw name="Sleep" owner="BuiltIn">
<msg time="2024-04-18T21:50:16.777332" level="INFO">Slept 3 seconds.</msg>
<arg>3s</arg>
<doc>Pauses the test executed for the given time.</doc>
<status status="PASS" start="2024-04-18T21:50:13.776808" elapsed="3.000524"/>
</kw>
<status status="PASS" start="2024-04-18T21:50:13.576932" elapsed="3.200400"/>
</kw>
<status status="PASS" start="2024-04-18T21:49:55.891162" elapsed="20.890728"/>
</test>
<status status="PASS" start="2024-04-18T21:49:55.300805" elapsed="21.506790"/>
</suite>
<statistics>
<total>
<stat pass="1" fail="0" skip="0">All Tests</stat>
</total>
<tag>
</tag>
<suite>
<stat pass="1" fail="0" skip="0" id="s1" name="Testes Academy">Testes Academy</stat>
</suite>
</statistics>
<errors>
</errors>
</robot>
